<?xml version="1.0" encoding="UTF-8"?>
<!-- Generated by org.testng.reporters.JUnitReportReporter -->
<testsuite skipped="0" hostname="DT635" name="com.parallel.ParallelDemo" tests="1" failures="0" timestamp="09 Jan 2019 07:28:21 GMT" time="42.194" errors="0">
  <testcase name="google1" time="42.194" classname="com.parallel.ParallelDemo"/>
</testsuite> <!-- com.parallel.ParallelDemo -->
