<?xml version="1.0" encoding="UTF-8"?>
<!-- Generated by org.testng.reporters.JUnitReportReporter -->
<testsuite skipped="0" hostname="DT635" name="com.parallel.ParallelDemo1" tests="1" failures="0" timestamp="09 Jan 2019 07:28:21 GMT" time="43.870" errors="0">
  <testcase name="google2" time="43.870" classname="com.parallel.ParallelDemo1"/>
</testsuite> <!-- com.parallel.ParallelDemo1 -->
